\BOOKMARK [1][-]{section.1}{Introduction}{}% 1
\BOOKMARK [1][-]{section.2}{Underlying math}{}% 2
\BOOKMARK [2][-]{subsection.2.1}{Newton's laws}{section.2}% 3
\BOOKMARK [2][-]{subsection.2.2}{Time and gravitational constant}{section.2}% 4
\BOOKMARK [2][-]{subsection.2.3}{Stellar body ejection and energy conservation}{section.2}% 5
\BOOKMARK [2][-]{subsection.2.4}{Virial theorem}{section.2}% 6
\BOOKMARK [2][-]{subsection.2.5}{Numerical round-off correction}{section.2}% 7
\BOOKMARK [1][-]{section.3}{Programming}{}% 8
\BOOKMARK [2][-]{subsection.3.1}{Update of main}{section.3}% 9
\BOOKMARK [2][-]{subsection.3.2}{Update of Velocity Verlet}{section.3}% 10
\BOOKMARK [2][-]{subsection.3.3}{Time steps}{section.3}% 11
\BOOKMARK [1][-]{section.4}{Experiments}{}% 12
\BOOKMARK [2][-]{subsection.4.1}{Simulations without numerical round-off correction results}{section.4}% 13
\BOOKMARK [2][-]{subsection.4.2}{Simulations without numerical round-off correction discussion}{section.4}% 14
\BOOKMARK [2][-]{subsection.4.3}{Finding numerical instability round-off correction constant results}{section.4}% 15
\BOOKMARK [2][-]{subsection.4.4}{Finding numerical instability round-off correction constant discussion}{section.4}% 16
\BOOKMARK [2][-]{subsection.4.5}{Radial density results}{section.4}% 17
\BOOKMARK [2][-]{subsection.4.6}{Radial density discussion}{section.4}% 18
\BOOKMARK [1][-]{section.5}{Appendix}{}% 19
\BOOKMARK [2][-]{subsection.5.1}{Code and GitHub}{section.5}% 20
